<?xml version="1.0" encoding="UTF-8" ?>
<testsuite failures="0" time="0" errors="0" skipped="0" tests="1" name="msgfplus.TestParsers">
  <properties>
    <property name="java.runtime.name" value="Java(TM) SE Runtime Environment"/>
    <property name="sun.boot.library.path" value="/Library/Java/JavaVirtualMachines/1.7.0.jdk/Contents/Home/jre/lib"/>
    <property name="java.vm.version" value="23.1-b03"/>
    <property name="gopherProxySet" value="false"/>
    <property name="java.vm.vendor" value="Oracle Corporation"/>
    <property name="java.vendor.url" value="http://java.oracle.com/"/>
    <property name="path.separator" value=":"/>
    <property name="java.vm.name" value="Java HotSpot(TM) 64-Bit Server VM"/>
    <property name="file.encoding.pkg" value="sun.io"/>
    <property name="user.country" value="US"/>
    <property name="sun.java.launcher" value="SUN_STANDARD"/>
    <property name="sun.os.patch.level" value="unknown"/>
    <property name="java.vm.specification.name" value="Java Virtual Machine Specification"/>
    <property name="user.dir" value="/Users/sangtaekim/Developments/MS_Java_Dev"/>
    <property name="java.runtime.version" value="1.7.0_05-b06"/>
    <property name="java.awt.graphicsenv" value="sun.awt.CGraphicsEnvironment"/>
    <property name="basedir" value="/Users/sangtaekim/Developments/MS_Java_Dev"/>
    <property name="java.endorsed.dirs" value="/Library/Java/JavaVirtualMachines/1.7.0.jdk/Contents/Home/jre/lib/endorsed"/>
    <property name="os.arch" value="x86_64"/>
    <property name="surefire.real.class.path" value="/Users/sangtaekim/Developments/MS_Java_Dev/target/surefire/surefirebooter2137913665333896131.jar"/>
    <property name="java.io.tmpdir" value="/var/folders/b5/04j_c10n02z6xt496kxb1l6r0000gn/T/"/>
    <property name="line.separator" value="
"/>
    <property name="java.vm.specification.vendor" value="Oracle Corporation"/>
    <property name="os.name" value="Mac OS X"/>
    <property name="sun.jnu.encoding" value="UTF-8"/>
    <property name="java.library.path" value="/Users/sangtaekim/Library/Java/Extensions:/Library/Java/Extensions:/Network/Library/Java/Extensions:/System/Library/Java/Extensions:/usr/lib/java:."/>
    <property name="surefire.test.class.path" value="/Users/sangtaekim/Developments/MS_Java_Dev/target/test-classes:/Users/sangtaekim/Developments/MS_Java_Dev/target/classes:/Users/sangtaekim/.m2/repository/uk/ac/ebi/pride/tools/jmzreader/1.2.0/jmzreader-1.2.0.jar:/Users/sangtaekim/.m2/repository/log4j/log4j/1.2.13/log4j-1.2.13.jar:/Users/sangtaekim/.m2/repository/uk/ac/ebi/pride/tools/pkl-parser/1.2.1/pkl-parser-1.2.1.jar:/Users/sangtaekim/.m2/repository/uk/ac/ebi/pride/tools/braf/1.0.1/braf-1.0.1.jar:/Users/sangtaekim/.m2/repository/uk/ac/ebi/pride/tools/dta-parser/1.2.1/dta-parser-1.2.1.jar:/Users/sangtaekim/.m2/repository/uk/ac/ebi/pride/tools/ms2-parser/1.2.1/ms2-parser-1.2.1.jar:/Users/sangtaekim/.m2/repository/uk/ac/ebi/pride/tools/mgf-parser/1.2.2/mgf-parser-1.2.2.jar:/Users/sangtaekim/.m2/repository/uk/ac/ebi/pride/tools/mzdata-parser/1.2.1/mzdata-parser-1.2.1.jar:/Users/sangtaekim/.m2/repository/psidev/psi/tools/xxindex/0.11/xxindex-0.11.jar:/Users/sangtaekim/.m2/repository/org/apache/commons/com.springsource.org.apache.commons.io/1.4.0/com.springsource.org.apache.commons.io-1.4.0.jar:/Users/sangtaekim/.m2/repository/cpdetector/cpdetector/1.0.7/cpdetector-1.0.7.jar:/Users/sangtaekim/.m2/repository/org/antlr/com.springsource.antlr/2.7.7/com.springsource.antlr-2.7.7.jar:/Users/sangtaekim/.m2/repository/jargs/jargs/1.0/jargs-1.0.jar:/Users/sangtaekim/.m2/repository/org/mozilla/intl/chardet/1.0/chardet-1.0.jar:/Users/sangtaekim/.m2/repository/org/apache/commons/com.springsource.org.apache.commons.logging/1.1.1/com.springsource.org.apache.commons.logging-1.1.1.jar:/Users/sangtaekim/.m2/repository/org/apache/log4j/com.springsource.org.apache.log4j/1.2.15/com.springsource.org.apache.log4j-1.2.15.jar:/Users/sangtaekim/.m2/repository/uk/ac/ebi/pride/tools/mzml-wrapper/1.2/mzml-wrapper-1.2.jar:/Users/sangtaekim/.m2/repository/uk/ac/ebi/jmzml/jmzml/1.6.8/jmzml-1.6.8.jar:/Users/sangtaekim/.m2/repository/org/slf4j/slf4j-api/1.6.1/slf4j-api-1.6.1.jar:/Users/sangtaekim/.m2/repository/org/slf4j/slf4j-log4j12/1.6.1/slf4j-log4j12-1.6.1.jar:/Users/sangtaekim/.m2/repository/commons-collections/commons-collections/3.2.1/commons-collections-3.2.1.jar:/Users/sangtaekim/.m2/repository/commons-codec/commons-codec/1.3/commons-codec-1.3.jar:/Users/sangtaekim/.m2/repository/javax/activation/activation/1.1/activation-1.1.jar:/Users/sangtaekim/.m2/repository/uk/ac/ebi/pride/tools/pride-wrapper/1.2.0/pride-wrapper-1.2.0.jar:/Users/sangtaekim/.m2/repository/uk/ac/ebi/pride/jaxb/pride-jaxb/1.0.8/pride-jaxb-1.0.8.jar:/Users/sangtaekim/.m2/repository/uk/ac/ebi/pride/tools/mzxml-parser/1.3.3/mzxml-parser-1.3.3.jar:/Users/sangtaekim/.m2/repository/uk/ac/ebi/jmzidml/jmzidentml/1.1.3/jmzidentml-1.1.3.jar:/Users/sangtaekim/.m2/repository/com/sun/xml/bind/jaxb-xjc/2.1.7/jaxb-xjc-2.1.7.jar:/Users/sangtaekim/.m2/repository/com/sun/xml/bind/jaxb-impl/2.1.7/jaxb-impl-2.1.7.jar:/Users/sangtaekim/.m2/repository/javax/xml/bind/jaxb-api/2.1/jaxb-api-2.1.jar:/Users/sangtaekim/.m2/repository/javax/xml/stream/stax-api/1.0-2/stax-api-1.0-2.jar:/Users/sangtaekim/.m2/repository/org/jboss/jsfunit/jboss-jsfunit-microdeployer/1.3.0.Final/jboss-jsfunit-microdeployer-1.3.0.Final.jar:/Users/sangtaekim/.m2/repository/org/systemsbiology/jrap/stax/5.2/stax-5.2.jar:"/>
    <property name="java.specification.name" value="Java Platform API Specification"/>
    <property name="java.class.version" value="51.0"/>
    <property name="sun.management.compiler" value="HotSpot 64-Bit Tiered Compilers"/>
    <property name="os.version" value="10.8.2"/>
    <property name="http.nonProxyHosts" value="local|*.local|169.254/16|*.169.254/16"/>
    <property name="user.home" value="/Users/sangtaekim"/>
    <property name="user.timezone" value=""/>
    <property name="java.awt.printerjob" value="sun.lwawt.macosx.CPrinterJob"/>
    <property name="java.specification.version" value="1.7"/>
    <property name="file.encoding" value="UTF-8"/>
    <property name="user.name" value="sangtaekim"/>
    <property name="java.class.path" value="/Users/sangtaekim/Developments/MS_Java_Dev/target/test-classes:/Users/sangtaekim/Developments/MS_Java_Dev/target/classes:/Users/sangtaekim/.m2/repository/uk/ac/ebi/pride/tools/jmzreader/1.2.0/jmzreader-1.2.0.jar:/Users/sangtaekim/.m2/repository/log4j/log4j/1.2.13/log4j-1.2.13.jar:/Users/sangtaekim/.m2/repository/uk/ac/ebi/pride/tools/pkl-parser/1.2.1/pkl-parser-1.2.1.jar:/Users/sangtaekim/.m2/repository/uk/ac/ebi/pride/tools/braf/1.0.1/braf-1.0.1.jar:/Users/sangtaekim/.m2/repository/uk/ac/ebi/pride/tools/dta-parser/1.2.1/dta-parser-1.2.1.jar:/Users/sangtaekim/.m2/repository/uk/ac/ebi/pride/tools/ms2-parser/1.2.1/ms2-parser-1.2.1.jar:/Users/sangtaekim/.m2/repository/uk/ac/ebi/pride/tools/mgf-parser/1.2.2/mgf-parser-1.2.2.jar:/Users/sangtaekim/.m2/repository/uk/ac/ebi/pride/tools/mzdata-parser/1.2.1/mzdata-parser-1.2.1.jar:/Users/sangtaekim/.m2/repository/psidev/psi/tools/xxindex/0.11/xxindex-0.11.jar:/Users/sangtaekim/.m2/repository/org/apache/commons/com.springsource.org.apache.commons.io/1.4.0/com.springsource.org.apache.commons.io-1.4.0.jar:/Users/sangtaekim/.m2/repository/cpdetector/cpdetector/1.0.7/cpdetector-1.0.7.jar:/Users/sangtaekim/.m2/repository/org/antlr/com.springsource.antlr/2.7.7/com.springsource.antlr-2.7.7.jar:/Users/sangtaekim/.m2/repository/jargs/jargs/1.0/jargs-1.0.jar:/Users/sangtaekim/.m2/repository/org/mozilla/intl/chardet/1.0/chardet-1.0.jar:/Users/sangtaekim/.m2/repository/org/apache/commons/com.springsource.org.apache.commons.logging/1.1.1/com.springsource.org.apache.commons.logging-1.1.1.jar:/Users/sangtaekim/.m2/repository/org/apache/log4j/com.springsource.org.apache.log4j/1.2.15/com.springsource.org.apache.log4j-1.2.15.jar:/Users/sangtaekim/.m2/repository/uk/ac/ebi/pride/tools/mzml-wrapper/1.2/mzml-wrapper-1.2.jar:/Users/sangtaekim/.m2/repository/uk/ac/ebi/jmzml/jmzml/1.6.8/jmzml-1.6.8.jar:/Users/sangtaekim/.m2/repository/org/slf4j/slf4j-api/1.6.1/slf4j-api-1.6.1.jar:/Users/sangtaekim/.m2/repository/org/slf4j/slf4j-log4j12/1.6.1/slf4j-log4j12-1.6.1.jar:/Users/sangtaekim/.m2/repository/commons-collections/commons-collections/3.2.1/commons-collections-3.2.1.jar:/Users/sangtaekim/.m2/repository/commons-codec/commons-codec/1.3/commons-codec-1.3.jar:/Users/sangtaekim/.m2/repository/javax/activation/activation/1.1/activation-1.1.jar:/Users/sangtaekim/.m2/repository/uk/ac/ebi/pride/tools/pride-wrapper/1.2.0/pride-wrapper-1.2.0.jar:/Users/sangtaekim/.m2/repository/uk/ac/ebi/pride/jaxb/pride-jaxb/1.0.8/pride-jaxb-1.0.8.jar:/Users/sangtaekim/.m2/repository/uk/ac/ebi/pride/tools/mzxml-parser/1.3.3/mzxml-parser-1.3.3.jar:/Users/sangtaekim/.m2/repository/uk/ac/ebi/jmzidml/jmzidentml/1.1.3/jmzidentml-1.1.3.jar:/Users/sangtaekim/.m2/repository/com/sun/xml/bind/jaxb-xjc/2.1.7/jaxb-xjc-2.1.7.jar:/Users/sangtaekim/.m2/repository/com/sun/xml/bind/jaxb-impl/2.1.7/jaxb-impl-2.1.7.jar:/Users/sangtaekim/.m2/repository/javax/xml/bind/jaxb-api/2.1/jaxb-api-2.1.jar:/Users/sangtaekim/.m2/repository/javax/xml/stream/stax-api/1.0-2/stax-api-1.0-2.jar:/Users/sangtaekim/.m2/repository/org/jboss/jsfunit/jboss-jsfunit-microdeployer/1.3.0.Final/jboss-jsfunit-microdeployer-1.3.0.Final.jar:/Users/sangtaekim/.m2/repository/org/systemsbiology/jrap/stax/5.2/stax-5.2.jar:"/>
    <property name="java.vm.specification.version" value="1.7"/>
    <property name="sun.arch.data.model" value="64"/>
    <property name="java.home" value="/Library/Java/JavaVirtualMachines/1.7.0.jdk/Contents/Home/jre"/>
    <property name="sun.java.command" value="/Users/sangtaekim/Developments/MS_Java_Dev/target/surefire/surefirebooter2137913665333896131.jar /Users/sangtaekim/Developments/MS_Java_Dev/target/surefire/surefire7664339783613629644tmp /Users/sangtaekim/Developments/MS_Java_Dev/target/surefire/surefire2416990372774754208tmp"/>
    <property name="java.specification.vendor" value="Oracle Corporation"/>
    <property name="user.language" value="en"/>
    <property name="awt.toolkit" value="sun.lwawt.macosx.LWCToolkit"/>
    <property name="java.vm.info" value="mixed mode"/>
    <property name="java.version" value="1.7.0_05"/>
    <property name="java.ext.dirs" value="/Users/sangtaekim/Library/Java/Extensions:/Library/Java/JavaVirtualMachines/1.7.0.jdk/Contents/Home/jre/lib/ext:/Library/Java/Extensions:/Network/Library/Java/Extensions:/System/Library/Java/Extensions:/usr/lib/java"/>
    <property name="sun.boot.class.path" value="/Library/Java/JavaVirtualMachines/1.7.0.jdk/Contents/Home/jre/lib/resources.jar:/Library/Java/JavaVirtualMachines/1.7.0.jdk/Contents/Home/jre/lib/rt.jar:/Library/Java/JavaVirtualMachines/1.7.0.jdk/Contents/Home/jre/lib/sunrsasign.jar:/Library/Java/JavaVirtualMachines/1.7.0.jdk/Contents/Home/jre/lib/jsse.jar:/Library/Java/JavaVirtualMachines/1.7.0.jdk/Contents/Home/jre/lib/jce.jar:/Library/Java/JavaVirtualMachines/1.7.0.jdk/Contents/Home/jre/lib/charsets.jar:/Library/Java/JavaVirtualMachines/1.7.0.jdk/Contents/Home/jre/lib/jfr.jar:/Library/Java/JavaVirtualMachines/1.7.0.jdk/Contents/Home/jre/lib/JObjC.jar:/Library/Java/JavaVirtualMachines/1.7.0.jdk/Contents/Home/jre/classes"/>
    <property name="java.vendor" value="Oracle Corporation"/>
    <property name="localRepository" value="/Users/sangtaekim/.m2/repository"/>
    <property name="file.separator" value="/"/>
    <property name="java.vendor.url.bug" value="http://bugreport.sun.com/bugreport/"/>
    <property name="sun.cpu.endian" value="little"/>
    <property name="sun.io.unicode.encoding" value="UnicodeBig"/>
    <property name="socksNonProxyHosts" value="local|*.local|169.254/16|*.169.254/16"/>
    <property name="ftp.nonProxyHosts" value="local|*.local|169.254/16|*.169.254/16"/>
    <property name="sun.cpu.isalist" value=""/>
  </properties>
  <testcase time="0" classname="msgfplus.TestParsers" name="msgfplus.TestParsers.testParamToTxt"/>
</testsuite>